Started at Wed Apr 20 13:33:38 UTC 2022
Processing maven project
Offering maven project to Project Build Discarder
Processing my first pipe line jobs
Offering my first pipe line jobs to Project Build Discarder
Processing my first project
Offering my first project to Project Build Discarder
Finished at Wed Apr 20 13:33:38 UTC 2022. 1ms
Started at Wed Apr 20 14:33:38 UTC 2022
Processing maven project
Offering maven project to Project Build Discarder
Processing my first pipe line jobs
Offering my first pipe line jobs to Project Build Discarder
Processing my first project
Offering my first project to Project Build Discarder
Finished at Wed Apr 20 14:33:38 UTC 2022. 1ms
Started at Wed Apr 20 15:33:38 UTC 2022
Processing maven project
Offering maven project to Project Build Discarder
Processing my first pipe line jobs
Offering my first pipe line jobs to Project Build Discarder
Processing my first project
Offering my first project to Project Build Discarder
Finished at Wed Apr 20 15:33:38 UTC 2022. 0ms
Started at Wed Apr 20 16:33:38 UTC 2022
Processing maven project
Offering maven project to Project Build Discarder
Processing my first pipe line jobs
Offering my first pipe line jobs to Project Build Discarder
Processing my first project
Offering my first project to Project Build Discarder
Finished at Wed Apr 20 16:33:38 UTC 2022. 3ms
Started at Wed Apr 20 17:33:38 UTC 2022
Processing maven project
Offering maven project to Project Build Discarder
Processing my first pipe line jobs
Offering my first pipe line jobs to Project Build Discarder
Processing my first project
Offering my first project to Project Build Discarder
Finished at Wed Apr 20 17:33:38 UTC 2022. 0ms
Started at Wed Apr 20 18:33:38 UTC 2022
Processing maven project
Offering maven project to Project Build Discarder
Processing my first pipe line jobs
Offering my first pipe line jobs to Project Build Discarder
Processing my first project
Offering my first project to Project Build Discarder
Finished at Wed Apr 20 18:33:38 UTC 2022. 4ms
Started at Wed Apr 20 19:33:38 UTC 2022
Processing maven project
Offering maven project to Project Build Discarder
Processing my first pipe line jobs
Offering my first pipe line jobs to Project Build Discarder
Processing my first project
Offering my first project to Project Build Discarder
Finished at Wed Apr 20 19:33:38 UTC 2022. 1ms
Started at Wed Apr 20 20:33:38 UTC 2022
Processing maven project
Offering maven project to Project Build Discarder
Processing my first pipe line jobs
Offering my first pipe line jobs to Project Build Discarder
Processing my first project
Offering my first project to Project Build Discarder
Finished at Wed Apr 20 20:33:38 UTC 2022. 2ms
Started at Wed Apr 20 21:33:38 UTC 2022
Processing maven project
Offering maven project to Project Build Discarder
Processing my first pipe line jobs
Offering my first pipe line jobs to Project Build Discarder
Processing my first project
Offering my first project to Project Build Discarder
Finished at Wed Apr 20 21:33:38 UTC 2022. 3ms
Started at Wed Apr 20 22:33:38 UTC 2022
Processing maven project
Offering maven project to Project Build Discarder
Processing my first pipe line jobs
Offering my first pipe line jobs to Project Build Discarder
Processing my first project
Offering my first project to Project Build Discarder
Finished at Wed Apr 20 22:33:38 UTC 2022. 1ms
Started at Wed Apr 20 23:33:38 UTC 2022
Processing maven project
Offering maven project to Project Build Discarder
Processing my first pipe line jobs
Offering my first pipe line jobs to Project Build Discarder
Processing my first project
Offering my first project to Project Build Discarder
Finished at Wed Apr 20 23:33:38 UTC 2022. 0ms
Started at Thu Apr 21 00:33:38 UTC 2022
Processing maven project
Offering maven project to Project Build Discarder
Processing my first pipe line jobs
Offering my first pipe line jobs to Project Build Discarder
Processing my first project
Offering my first project to Project Build Discarder
Finished at Thu Apr 21 00:33:38 UTC 2022. 0ms
Started at Thu Apr 21 01:33:38 UTC 2022
Processing maven project
Offering maven project to Project Build Discarder
Processing my first pipe line jobs
Offering my first pipe line jobs to Project Build Discarder
Processing my first project
Offering my first project to Project Build Discarder
Finished at Thu Apr 21 01:33:38 UTC 2022. 1ms
Started at Thu Apr 21 02:33:38 UTC 2022
Processing maven project
Offering maven project to Project Build Discarder
Processing my first pipe line jobs
Offering my first pipe line jobs to Project Build Discarder
Processing my first project
Offering my first project to Project Build Discarder
Finished at Thu Apr 21 02:33:38 UTC 2022. 1ms
Started at Thu Apr 21 03:33:38 UTC 2022
Processing maven project
Offering maven project to Project Build Discarder
Processing my first pipe line jobs
Offering my first pipe line jobs to Project Build Discarder
Processing my first project
Offering my first project to Project Build Discarder
Finished at Thu Apr 21 03:33:38 UTC 2022. 10ms
Started at Thu Apr 21 04:33:38 UTC 2022
Processing maven project
Offering maven project to Project Build Discarder
Processing my first pipe line jobs
Offering my first pipe line jobs to Project Build Discarder
Processing my first project
Offering my first project to Project Build Discarder
Finished at Thu Apr 21 04:33:38 UTC 2022. 1ms
Started at Thu Apr 21 05:33:38 UTC 2022
Processing maven project
Offering maven project to Project Build Discarder
Processing my first pipe line jobs
Offering my first pipe line jobs to Project Build Discarder
Processing my first project
Offering my first project to Project Build Discarder
Processing pipelinewebhook
Offering pipelinewebhook to Project Build Discarder
Finished at Thu Apr 21 05:33:38 UTC 2022. 2ms
